2017-05-14 15:02:16,085 INFO  [SoapUI] Adding [C:\Users\Osanda Deshan\IdeaProjects\MaxSoft-REST-API-Test-Automator-API_Test_Demo_V2\ext\MaxSoft_REST_API_Test_Automator.jar] to extensions classpath
2017-05-14 15:02:16,350 INFO  [DefaultSoapUICore] initialized soapui-settings from [C:\Users\Osanda Deshan\soapui-settings.xml]
2017-05-14 15:02:19,483 ERROR [TestAssertionRegistry] Missing assertion for type [JsonPath Match]
2017-05-14 15:02:19,483 ERROR [TestAssertionRegistry] Missing assertion for type [JsonPath Match]
2017-05-14 15:02:19,483 ERROR [TestAssertionRegistry] Missing assertion for type [JsonPath Match]
2017-05-14 15:02:19,714 ERROR [TestAssertionRegistry] Missing assertion for type [JsonPath Match]
2017-05-14 15:02:19,716 ERROR [TestAssertionRegistry] Missing assertion for type [JsonPath Match]
2017-05-14 15:02:19,834 INFO  [WsdlProject] Loaded project from [file:/C:/Users/Osanda%20Deshan/IdeaProjects/MaxSoft-REST-API-Test-Automator-API_Test_Demo_V2/resources/GoogleBooks.xml]
2017-05-14 15:02:19,844 INFO  [SoapUITestCaseRunner] Running SoapUI tests in project [REST Project 1]
2017-05-14 15:02:19,844 INFO  [SoapUITestCaseRunner] Running TestCase [Validate that the user picks the correct book TestCase]
2017-05-14 15:02:19,855 INFO  [SoapUITestCaseRunner] Running SoapUI testcase [Validate that the user picks the correct book TestCase]
2017-05-14 15:02:19,864 INFO  [SoapUITestCaseRunner] running step [User picks the "Code Complete" book]
2017-05-14 15:02:22,120 INFO  [SoapUITestCaseRunner] Assertion [Validate that HTTP Status Code is 200] has status VALID
2017-05-14 15:02:22,120 INFO  [SoapUITestCaseRunner] running step [Groovy Script]
2017-05-14 15:02:22,660 INFO  [log] Code Complete
2017-05-14 15:02:22,702 INFO  [SoapUITestCaseRunner] Finished running SoapUI testcase [Validate that the user picks the correct book TestCase], time taken: 2517ms, status: FINISHED
2017-05-14 15:02:22,702 INFO  [SoapUITestCaseRunner] TestCase [Validate that the user picks the correct book TestCase] finished with status [FINISHED] in 2517ms
2017-05-14 15:02:22,713 ERROR [TestAssertionRegistry] Missing assertion for type [JsonPath Match]
2017-05-14 15:02:22,714 ERROR [TestAssertionRegistry] Missing assertion for type [JsonPath Match]
2017-05-14 15:02:22,714 ERROR [TestAssertionRegistry] Missing assertion for type [JsonPath Match]
2017-05-14 15:02:22,716 ERROR [TestAssertionRegistry] Missing assertion for type [JsonPath Match]
2017-05-14 15:02:22,717 ERROR [TestAssertionRegistry] Missing assertion for type [JsonPath Match]
2017-05-14 15:02:22,720 INFO  [WsdlProject] Loaded project from [file:/C:/Users/Osanda%20Deshan/IdeaProjects/MaxSoft-REST-API-Test-Automator-API_Test_Demo_V2/resources/GoogleBooks.xml]
2017-05-14 15:02:22,728 ERROR [TestAssertionRegistry] Missing assertion for type [JsonPath Match]
2017-05-14 15:02:22,728 ERROR [TestAssertionRegistry] Missing assertion for type [JsonPath Match]
2017-05-14 15:02:22,728 ERROR [TestAssertionRegistry] Missing assertion for type [JsonPath Match]
2017-05-14 15:02:22,731 ERROR [TestAssertionRegistry] Missing assertion for type [JsonPath Match]
2017-05-14 15:02:22,732 ERROR [TestAssertionRegistry] Missing assertion for type [JsonPath Match]
2017-05-14 15:02:22,733 INFO  [WsdlProject] Loaded project from [file:/C:/Users/Osanda%20Deshan/IdeaProjects/MaxSoft-REST-API-Test-Automator-API_Test_Demo_V2/resources/GoogleBooks.xml]
2017-05-14 15:02:22,742 ERROR [TestAssertionRegistry] Missing assertion for type [JsonPath Match]
2017-05-14 15:02:22,743 ERROR [TestAssertionRegistry] Missing assertion for type [JsonPath Match]
2017-05-14 15:02:22,743 ERROR [TestAssertionRegistry] Missing assertion for type [JsonPath Match]
2017-05-14 15:02:22,744 ERROR [TestAssertionRegistry] Missing assertion for type [JsonPath Match]
2017-05-14 15:02:22,746 ERROR [TestAssertionRegistry] Missing assertion for type [JsonPath Match]
2017-05-14 15:02:22,747 INFO  [WsdlProject] Loaded project from [file:/C:/Users/Osanda%20Deshan/IdeaProjects/MaxSoft-REST-API-Test-Automator-API_Test_Demo_V2/resources/GoogleBooks.xml]
2017-05-14 15:02:23,180 INFO  [log] Code Complete
2017-05-14 15:02:23,203 ERROR [TestAssertionRegistry] Missing assertion for type [JsonPath Match]
2017-05-14 15:02:23,204 ERROR [TestAssertionRegistry] Missing assertion for type [JsonPath Match]
2017-05-14 15:02:23,204 ERROR [TestAssertionRegistry] Missing assertion for type [JsonPath Match]
2017-05-14 15:02:23,205 ERROR [TestAssertionRegistry] Missing assertion for type [JsonPath Match]
2017-05-14 15:02:23,206 ERROR [TestAssertionRegistry] Missing assertion for type [JsonPath Match]
2017-05-14 15:02:23,208 INFO  [WsdlProject] Loaded project from [file:/C:/Users/Osanda%20Deshan/IdeaProjects/MaxSoft-REST-API-Test-Automator-API_Test_Demo_V2/resources/GoogleBooks.xml]
2017-05-14 15:02:23,208 INFO  [SoapUITestCaseRunner] Running SoapUI tests in project [REST Project 1]
2017-05-14 15:02:23,208 INFO  [SoapUITestCaseRunner] Running TestCase [Validate that the user doesn't get any book for invalid isbn TestCase]
2017-05-14 15:02:23,209 INFO  [SoapUITestCaseRunner] Running SoapUI testcase [Validate that the user doesn't get any book for invalid isbn TestCase]
2017-05-14 15:02:23,209 INFO  [SoapUITestCaseRunner] running step [User provides an invalid isbn]
2017-05-14 15:02:23,565 INFO  [SoapUITestCaseRunner] Assertion [Validate that HTTP Status Code is 200] has status VALID
2017-05-14 15:02:23,566 INFO  [SoapUITestCaseRunner] Finished running SoapUI testcase [Validate that the user doesn't get any book for invalid isbn TestCase], time taken: 349ms, status: FINISHED
2017-05-14 15:02:23,566 INFO  [SoapUITestCaseRunner] TestCase [Validate that the user doesn't get any book for invalid isbn TestCase] finished with status [FINISHED] in 349ms
2017-05-14 15:02:23,585 ERROR [TestAssertionRegistry] Missing assertion for type [JsonPath Match]
2017-05-14 15:02:23,586 ERROR [TestAssertionRegistry] Missing assertion for type [JsonPath Match]
2017-05-14 15:02:23,586 ERROR [TestAssertionRegistry] Missing assertion for type [JsonPath Match]
2017-05-14 15:02:23,591 ERROR [TestAssertionRegistry] Missing assertion for type [JsonPath Match]
2017-05-14 15:02:23,595 ERROR [TestAssertionRegistry] Missing assertion for type [JsonPath Match]
2017-05-14 15:02:23,599 INFO  [WsdlProject] Loaded project from [file:/C:/Users/Osanda%20Deshan/IdeaProjects/MaxSoft-REST-API-Test-Automator-API_Test_Demo_V2/resources/GoogleBooks.xml]
2017-05-14 15:02:23,604 ERROR [TestAssertionRegistry] Missing assertion for type [JsonPath Match]
2017-05-14 15:02:23,605 ERROR [TestAssertionRegistry] Missing assertion for type [JsonPath Match]
2017-05-14 15:02:23,605 ERROR [TestAssertionRegistry] Missing assertion for type [JsonPath Match]
2017-05-14 15:02:23,606 ERROR [TestAssertionRegistry] Missing assertion for type [JsonPath Match]
2017-05-14 15:02:23,607 ERROR [TestAssertionRegistry] Missing assertion for type [JsonPath Match]
2017-05-14 15:02:23,608 INFO  [WsdlProject] Loaded project from [file:/C:/Users/Osanda%20Deshan/IdeaProjects/MaxSoft-REST-API-Test-Automator-API_Test_Demo_V2/resources/GoogleBooks.xml]
2017-05-14 15:02:23,612 ERROR [TestAssertionRegistry] Missing assertion for type [JsonPath Match]
2017-05-14 15:02:23,612 ERROR [TestAssertionRegistry] Missing assertion for type [JsonPath Match]
2017-05-14 15:02:23,612 ERROR [TestAssertionRegistry] Missing assertion for type [JsonPath Match]
2017-05-14 15:02:23,613 ERROR [TestAssertionRegistry] Missing assertion for type [JsonPath Match]
2017-05-14 15:02:23,614 ERROR [TestAssertionRegistry] Missing assertion for type [JsonPath Match]
2017-05-14 15:02:23,615 INFO  [WsdlProject] Loaded project from [file:/C:/Users/Osanda%20Deshan/IdeaProjects/MaxSoft-REST-API-Test-Automator-API_Test_Demo_V2/resources/GoogleBooks.xml]
2017-05-14 15:02:24,002 ERROR [TestAssertionRegistry] Missing assertion for type [JsonPath Match]
2017-05-14 15:02:24,003 ERROR [TestAssertionRegistry] Missing assertion for type [JsonPath Match]
2017-05-14 15:02:24,003 ERROR [TestAssertionRegistry] Missing assertion for type [JsonPath Match]
2017-05-14 15:02:24,005 ERROR [TestAssertionRegistry] Missing assertion for type [JsonPath Match]
2017-05-14 15:02:24,006 ERROR [TestAssertionRegistry] Missing assertion for type [JsonPath Match]
2017-05-14 15:02:24,008 INFO  [WsdlProject] Loaded project from [file:/C:/Users/Osanda%20Deshan/IdeaProjects/MaxSoft-REST-API-Test-Automator-API_Test_Demo_V2/resources/GoogleBooks.xml]
2017-05-14 15:02:24,009 INFO  [SoapUITestCaseRunner] Running SoapUI tests in project [REST Project 1]
2017-05-14 15:02:24,009 INFO  [SoapUITestCaseRunner] Running TestCase [Validate that the user gets an error for the null query TestCase]
2017-05-14 15:02:24,009 INFO  [SoapUITestCaseRunner] Running SoapUI testcase [Validate that the user gets an error for the null query TestCase]
2017-05-14 15:02:24,010 INFO  [SoapUITestCaseRunner] running step [User provides an invalid isbn]
2017-05-14 15:02:24,330 INFO  [SoapUITestCaseRunner] Assertion [Validate that HTTP Status Code is 200] has status VALID
2017-05-14 15:02:24,331 INFO  [SoapUITestCaseRunner] Assertion [Validate that the response contains null for the query] has status FAILED
2017-05-14 15:02:24,331 ERROR [SoapUITestCaseRunner] ASSERTION FAILED -> Missing token [null] in Response
2017-05-14 15:02:24,331 ERROR [SoapUITestCaseRunner] User provides an invalid isbn failed, exporting to [C:\Users\Osanda Deshan\IdeaProjects\MaxSoft-REST-API-Test-Automator-API_Test_Demo_V2\Books_TestSuite-Validate_that_the_user_gets_an_error_for_the_null_query_TestCase-User_provides_an_invalid_isbn-0-FAILED.txt]
2017-05-14 15:02:24,346 INFO  [SoapUITestCaseRunner] Finished running SoapUI testcase [Validate that the user gets an error for the null query TestCase], time taken: 292ms, status: FAILED
2017-05-14 15:02:24,346 INFO  [SoapUITestCaseRunner] TestCase [Validate that the user gets an error for the null query TestCase] finished with status [FAILED] in 292ms
2017-05-14 15:02:24,354 ERROR [TestAssertionRegistry] Missing assertion for type [JsonPath Match]
2017-05-14 15:02:24,354 ERROR [TestAssertionRegistry] Missing assertion for type [JsonPath Match]
2017-05-14 15:02:24,354 ERROR [TestAssertionRegistry] Missing assertion for type [JsonPath Match]
2017-05-14 15:02:24,357 ERROR [TestAssertionRegistry] Missing assertion for type [JsonPath Match]
2017-05-14 15:02:24,358 ERROR [TestAssertionRegistry] Missing assertion for type [JsonPath Match]
2017-05-14 15:02:24,360 INFO  [WsdlProject] Loaded project from [file:/C:/Users/Osanda%20Deshan/IdeaProjects/MaxSoft-REST-API-Test-Automator-API_Test_Demo_V2/resources/GoogleBooks.xml]
2017-05-14 15:02:24,366 ERROR [TestAssertionRegistry] Missing assertion for type [JsonPath Match]
2017-05-14 15:02:24,366 ERROR [TestAssertionRegistry] Missing assertion for type [JsonPath Match]
2017-05-14 15:02:24,366 ERROR [TestAssertionRegistry] Missing assertion for type [JsonPath Match]
2017-05-14 15:02:24,367 ERROR [TestAssertionRegistry] Missing assertion for type [JsonPath Match]
2017-05-14 15:02:24,368 ERROR [TestAssertionRegistry] Missing assertion for type [JsonPath Match]
2017-05-14 15:02:24,370 INFO  [WsdlProject] Loaded project from [file:/C:/Users/Osanda%20Deshan/IdeaProjects/MaxSoft-REST-API-Test-Automator-API_Test_Demo_V2/resources/GoogleBooks.xml]
2017-05-14 15:02:24,378 ERROR [TestAssertionRegistry] Missing assertion for type [JsonPath Match]
2017-05-14 15:02:24,378 ERROR [TestAssertionRegistry] Missing assertion for type [JsonPath Match]
2017-05-14 15:02:24,378 ERROR [TestAssertionRegistry] Missing assertion for type [JsonPath Match]
2017-05-14 15:02:24,380 ERROR [TestAssertionRegistry] Missing assertion for type [JsonPath Match]
2017-05-14 15:02:24,381 ERROR [TestAssertionRegistry] Missing assertion for type [JsonPath Match]
2017-05-14 15:02:24,383 INFO  [WsdlProject] Loaded project from [file:/C:/Users/Osanda%20Deshan/IdeaProjects/MaxSoft-REST-API-Test-Automator-API_Test_Demo_V2/resources/GoogleBooks.xml]
