09:33:51.069 Got a kill message. Killing runner.
10:40:54.235 Killing Gauge daemon. Parent process with pid 3840 has terminated.
h PID:12280 forcefully
10:06:42.850 Got a kill message. Killing runner.
10:06:46.855 Killing runner with PID:11924 forcefully
10:12:04.946 Checking updates...
10:12:13.446 [ValidationError] C:\Users\osanda\IdeaProjects\TestProject\specs\TestSpec.spec:18 Duplicate step implementation => 'Execute <TestCase> of <TestSuite>'
10:12:14.615 Plugin [Html Report] with pid [10388] has exited
10:12:14.916 Specifications:	0 executed	0 passed	0 failed	1 skipped
10:12:14.916 Scenarios:	0 executed	0 passed	0 failed	3 skipped
10:12:14.916 
Total time taken: 261ms
10:12:14.916 Updates are available. Run gauge --check-updates for more info.
10:13:13.453 Checking updates...
10:13:21.866 # Specification Heading
10:13:21.869 
     |TestCase                                              |TestSuite      |
     |------------------------------------------------------|---------------|
     |Validate that the user picks the correct book TestCase|Books TestSuite|
10:13:21.869 ## Scenario Heading
10:13:21.871 * Execute <TestCase> <TestSuite>
10:13:42.648 
Failed Step: Execute <TestCase> <TestSuite>
10:13:42.648 Specification: specs\TestSpec.spec:18
10:13:42.648 Error Message: java.lang.AssertionError: TestCase execution result is 'FAIL'
10:13:42.648 Stacktrace: 
org.junit.Assert.fail(Assert.java:88)
org.junit.Assert.assertTrue(Assert.java:41)
com.maxsoft.apitestautomator.ExecuteSoapUIAnyTestCase.executeSpecificTestCase(ExecuteSoapUIAnyTestCase.java:60)
Test.testm(Test.java:12)
sun.reflect.NativeMethodAccessorImpl.invoke0(Native Method)
sun.reflect.NativeMethodAccessorImpl.invoke(NativeMethodAccessorImpl.java:62)
sun.reflect.DelegatingMethodAccessorImpl.invoke(DelegatingMethodAccessorImpl.java:43)
java.lang.reflect.Method.invoke(Method.java:498)
com.thoughtworks.gauge.execution.MethodExecutor.execute(MethodExecutor.java:38)
com.thoughtworks.gauge.execution.StepExecutionStage.executeStepMethod(StepExecutionStage.java:130)
com.thoughtworks.gauge.execution.StepExecutionStage.executeStep(StepExecutionStage.java:86)
com.thoughtworks.gauge.execution.StepExecutionStage.execute(StepExecutionStage.java:67)
com.thoughtworks.gauge.execution.AbstractExecutionStage.executeNext(AbstractExecutionStage.java:24)
com.thoughtworks.gauge.execution.HookExecutionStage.execute(HookExecutionStage.java:43)
com.thoughtworks.gauge.execution.ExecutionPipeline.start(ExecutionPipeline.java:29)
com.thoughtworks.gauge.processor.ExecuteStepProcessor.process(ExecuteStepProcessor.java:39)
com.thoughtworks.gauge.connection.MessageDispatcher.dispatchMessages(MessageDispatcher.java:89)
com.thoughtworks.gauge.GaugeRuntime.dispatchMessages(GaugeRuntime.java:104)
com.thoughtworks.gauge.GaugeRuntime.access$100(GaugeRuntime.java:36)
com.thoughtworks.gauge.GaugeRuntime$2.run(GaugeRuntime.java:85)
java.lang.Thread.run(Thread.java:745)
10:13:42.650 
     |TestCase                                                             |TestSuite      |
     |---------------------------------------------------------------------|---------------|
     |Validate that the user doesn't get any book for invalid isbn TestCase|Books TestSuite|
10:13:42.650 ## Scenario Heading
10:13:42.651 * Execute <TestCase> <TestSuite>
10:13:43.620 
     |TestCase                                                        |TestSuite      |
     |----------------------------------------------------------------|---------------|
     |Validate that the user gets an error for the null query TestCase|Books TestSuite|
10:13:43.620 ## Scenario Heading
10:13:43.621 * Execute <TestCase> <TestSuite>
10:13:44.495 
Failed Step: Execute <TestCase> <TestSuite>
10:13:44.496 Specification: specs\TestSpec.spec:18
10:13:44.496 Error Message: java.lang.AssertionError: TestCase execution result is 'FAIL'
10:13:44.496 Stacktrace: 
org.junit.Assert.fail(Assert.java:88)
org.junit.Assert.assertTrue(Assert.java:41)
com.maxsoft.apitestautomator.ExecuteSoapUIAnyTestCase.executeSpecificTestCase(ExecuteSoapUIAnyTestCase.java:60)
Test.testm(Test.java:12)
sun.reflect.NativeMethodAccessorImpl.invoke0(Native Method)
sun.reflect.NativeMethodAccessorImpl.invoke(NativeMethodAccessorImpl.java:62)
sun.reflect.DelegatingMethodAccessorImpl.invoke(DelegatingMethodAccessorImpl.java:43)
java.lang.reflect.Method.invoke(Method.java:498)
com.thoughtworks.gauge.execution.MethodExecutor.execute(MethodExecutor.java:38)
com.thoughtworks.gauge.execution.StepExecutionStage.executeStepMethod(StepExecutionStage.java:130)
com.thoughtworks.gauge.execution.StepExecutionStage.executeStep(StepExecutionStage.java:86)
com.thoughtworks.gauge.execution.StepExecutionStage.execute(StepExecutionStage.java:67)
com.thoughtworks.gauge.execution.AbstractExecutionStage.executeNext(AbstractExecutionStage.java:24)
com.thoughtworks.gauge.execution.HookExecutionStage.execute(HookExecutionStage.java:43)
com.thoughtworks.gauge.execution.ExecutionPipeline.start(ExecutionPipeline.java:29)
com.thoughtworks.gauge.processor.ExecuteStepProcessor.process(ExecuteStepProcessor.java:39)
com.thoughtworks.gauge.connection.MessageDispatcher.dispatchMessages(MessageDispatcher.java:89)
com.thoughtworks.gauge.GaugeRuntime.dispatchMessages(GaugeRuntime.java:104)
com.thoughtworks.gauge.GaugeRuntime.access$100(GaugeRuntime.java:36)
com.thoughtworks.gauge.GaugeRuntime$2.run(GaugeRuntime.java:85)
java.lang.Thread.run(Thread.java:745)
10:13:44.605 Plugin [Html Report] with pid [10620] has exited
10:13:45.208 Specifications:	1 executed	0 passed	1 failed	0 skipped
10:13:45.208 Scenarios:	1 executed	0 passed	1 failed	0 skipped
10:13:45.208 
Total time taken: 22.831s
10:13:45.208 Updates are available. Run gauge --check-updates for more info.
10:15:21.455 Checking updates...
10:15:30.116 # Specification Heading
10:15:30.118 
     |TestCase                                              |TestSuite      |
     |------------------------------------------------------|---------------|
     |Validate that the user picks the correct book TestCase|Books TestSuite|
10:15:30.118 ## Scenario Heading
10:15:30.120 * Execute <TestCase> <TestSuite>
10:15:33.902 
     |TestCase                                                             |TestSuite      |
     |---------------------------------------------------------------------|---------------|
     |Validate that the user doesn't get any book for invalid isbn TestCase|Books TestSuite|
10:15:33.903 ## Scenario Heading
10:15:33.903 * Execute <TestCase> <TestSuite>
10:15:34.839 
     |TestCase                                                        |TestSuite      |
     |----------------------------------------------------------------|---------------|
     |Validate that the user gets an error for the null query TestCase|Books TestSuite|
10:15:34.839 ## Scenario Heading
10:15:34.839 * Execute <TestCase> <TestSuite>
10:15:35.694 
Failed Step: Execute <TestCase> <TestSuite>
10:15:35.694 Specification: specs\TestSpec.spec:18
10:15:35.694 Error Message: java.lang.AssertionError: TestCase execution result is 'FAIL'
10:15:35.694 Stacktrace: 
org.junit.Assert.fail(Assert.java:88)
org.junit.Assert.assertTrue(Assert.java:41)
com.maxsoft.apitestautomator.ExecuteSoapUIAnyTestCase.executeSpecificTestCase(ExecuteSoapUIAnyTestCase.java:60)
Test.testm(Test.java:12)
sun.reflect.NativeMethodAccessorImpl.invoke0(Native Method)
sun.reflect.NativeMethodAccessorImpl.invoke(NativeMethodAccessorImpl.java:62)
sun.reflect.DelegatingMethodAccessorImpl.invoke(DelegatingMethodAccessorImpl.java:43)
java.lang.reflect.Method.invoke(Method.java:498)
com.thoughtworks.gauge.execution.MethodExecutor.execute(MethodExecutor.java:38)
com.thoughtworks.gauge.execution.StepExecutionStage.executeStepMethod(StepExecutionStage.java:130)
com.thoughtworks.gauge.execution.StepExecutionStage.executeStep(StepExecutionStage.java:86)
com.thoughtworks.gauge.execution.StepExecutionStage.execute(StepExecutionStage.java:67)
com.thoughtworks.gauge.execution.AbstractExecutionStage.executeNext(AbstractExecutionStage.java:24)
com.thoughtworks.gauge.execution.HookExecutionStage.execute(HookExecutionStage.java:43)
com.thoughtworks.gauge.execution.ExecutionPipeline.start(ExecutionPipeline.java:29)
com.thoughtworks.gauge.processor.ExecuteStepProcessor.process(ExecuteStepProcessor.java:39)
com.thoughtworks.gauge.connection.MessageDispatcher.dispatchMessages(MessageDispatcher.java:89)
com.thoughtworks.gauge.GaugeRuntime.dispatchMessages(GaugeRuntime.java:104)
com.thoughtworks.gauge.GaugeRuntime.access$100(GaugeRuntime.java:36)
com.thoughtworks.gauge.GaugeRuntime$2.run(GaugeRuntime.java:85)
java.lang.Thread.run(Thread.java:745)
10:15:35.800 Plugin [Html Report] with pid [5800] has exited
10:15:36.316 Specifications:	1 executed	0 passed	1 failed	0 skipped
10:15:36.316 Scenarios:	1 executed	0 passed	1 failed	0 skipped
10:15:36.316 
Total time taken: 5.681s
10:15:36.316 Updates are available. Run gauge --check-updates for more info.
10:16:35.858 Checking updates...
10:16:42.614 # Specification Heading
10:16:42.619 
     |TestCase                                              |TestSuite      |
     |------------------------------------------------------|---------------|
     |Validate that the user picks the correct book TestCase|Books TestSuite|
10:16:42.619 ## Scenario Heading
10:16:42.623 * Execute <TestCase> <TestSuite>
10:16:46.337 
     |TestCase                                                             |TestSuite      |
     |---------------------------------------------------------------------|---------------|
     |Validate that the user doesn't get any book for invalid isbn TestCase|Books TestSuite|
10:16:46.337 ## Scenario Heading
10:16:46.337 * Execute <TestCase> <TestSuite>
10:16:47.225 
     |TestCase                                                        |TestSuite      |
     |----------------------------------------------------------------|---------------|
     |Validate that the user gets an error for the null query TestCase|Books TestSuite|
10:16:47.225 ## Scenario Heading
10:16:47.225 * Execute <TestCase> <TestSuite>
10:16:48.101 
Failed Step: Execute <TestCase> <TestSuite>
10:16:48.101 Specification: specs\TestSpec.spec:18
10:16:48.101 Error Message: java.lang.AssertionError: TestCase execution result is 'FAIL'
10:16:48.101 Stacktrace: 
org.junit.Assert.fail(Assert.java:88)
org.junit.Assert.assertTrue(Assert.java:41)
com.maxsoft.apitestautomator.ExecuteSoapUIAnyTestCase.executeSpecificTestCase(ExecuteSoapUIAnyTestCase.java:60)
Test.testm(Test.java:12)
sun.reflect.NativeMethodAccessorImpl.invoke0(Native Method)
sun.reflect.NativeMethodAccessorImpl.invoke(NativeMethodAccessorImpl.java:62)
sun.reflect.DelegatingMethodAccessorImpl.invoke(DelegatingMethodAccessorImpl.java:43)
java.lang.reflect.Method.invoke(Method.java:498)
com.thoughtworks.gauge.execution.MethodExecutor.execute(MethodExecutor.java:38)
com.thoughtworks.gauge.execution.StepExecutionStage.executeStepMethod(StepExecutionStage.java:130)
com.thoughtworks.gauge.execution.StepExecutionStage.executeStep(StepExecutionStage.java:86)
com.thoughtworks.gauge.execution.StepExecutionStage.execute(StepExecutionStage.java:67)
com.thoughtworks.gauge.execution.AbstractExecutionStage.executeNext(AbstractExecutionStage.java:24)
com.thoughtworks.gauge.execution.HookExecutionStage.execute(HookExecutionStage.java:43)
com.thoughtworks.gauge.execution.ExecutionPipeline.start(ExecutionPipeline.java:29)
com.thoughtworks.gauge.processor.ExecuteStepProcessor.process(ExecuteStepProcessor.java:39)
com.thoughtworks.gauge.connection.MessageDispatcher.dispatchMessages(MessageDispatcher.java:89)
com.thoughtworks.gauge.GaugeRuntime.dispatchMessages(GaugeRuntime.java:104)
com.thoughtworks.gauge.GaugeRuntime.access$100(GaugeRuntime.java:36)
com.thoughtworks.gauge.GaugeRuntime$2.run(GaugeRuntime.java:85)
java.lang.Thread.run(Thread.java:745)
10:16:48.210 Plugin [Html Report] with pid [8632] has exited
10:16:48.711 Specifications:	1 executed	0 passed	1 failed	0 skipped
10:16:48.711 Scenarios:	1 executed	0 passed	1 failed	0 skipped
10:16:48.711 
Total time taken: 5.585s
10:16:48.711 Updates are available. Run gauge --check-updates for more info.
10:42:37.046 Got a kill message. Killing runner.
10:42:41.095 Killing runner with PID:13280 forcefully
10:44:10.669 Checking updates...
10:44:21.143 # Specification Heading
10:44:21.146 
     |TestCase                                              |TestSuite      |
     |------------------------------------------------------|---------------|
     |Validate that the user picks the correct book TestCase|Books TestSuite|
10:44:21.146 ## Scenario Heading
10:44:21.148 * Execute <TestCase> <TestSuite>
10:44:25.213 
     |TestCase                                                             |TestSuite      |
     |---------------------------------------------------------------------|---------------|
     |Validate that the user doesn't get any book for invalid isbn TestCase|Books TestSuite|
10:44:25.213 ## Scenario Heading
10:44:25.214 * Execute <TestCase> <TestSuite>
10:44:25.982 
     |TestCase                                                        |TestSuite      |
     |----------------------------------------------------------------|---------------|
     |Validate that the user gets an error for the null query TestCase|Books TestSuite|
10:44:25.982 ## Scenario Heading
10:44:25.983 * Execute <TestCase> <TestSuite>
10:44:26.842 
Failed Step: Execute <TestCase> <TestSuite>
10:44:26.843 Specification: specs\TestSpec.spec:18
10:44:26.843 Error Message: java.lang.AssertionError: TestCase execution result is 'FAIL'
10:44:26.843 Stacktrace: 
org.junit.Assert.fail(Assert.java:88)
org.junit.Assert.assertTrue(Assert.java:41)
com.maxsoft.apitestautomator.ExecuteSoapUIAnyTestCase.executeSpecificTestCase(ExecuteSoapUIAnyTestCase.java:60)
Test.testm(Test.java:12)
sun.reflect.NativeMethodAccessorImpl.invoke0(Native Method)
sun.reflect.NativeMethodAccessorImpl.invoke(NativeMethodAccessorImpl.java:62)
sun.reflect.DelegatingMethodAccessorImpl.invoke(DelegatingMethodAccessorImpl.java:43)
java.lang.reflect.Method.invoke(Method.java:498)
com.thoughtworks.gauge.execution.MethodExecutor.execute(MethodExecutor.java:38)
com.thoughtworks.gauge.execution.StepExecutionStage.executeStepMethod(StepExecutionStage.java:130)
com.thoughtworks.gauge.execution.StepExecutionStage.executeStep(StepExecutionStage.java:86)
com.thoughtworks.gauge.execution.StepExecutionStage.execute(StepExecutionStage.java:67)
com.thoughtworks.gauge.execution.AbstractExecutionStage.executeNext(AbstractExecutionStage.java:24)
com.thoughtworks.gauge.execution.HookExecutionStage.execute(HookExecutionStage.java:43)
com.thoughtworks.gauge.execution.ExecutionPipeline.start(ExecutionPipeline.java:29)
com.thoughtworks.gauge.processor.ExecuteStepProcessor.process(ExecuteStepProcessor.java:39)
com.thoughtworks.gauge.connection.MessageDispatcher.dispatchMessages(MessageDispatcher.java:89)
com.thoughtworks.gauge.GaugeRuntime.dispatchMessages(GaugeRuntime.java:104)
com.thoughtworks.gauge.GaugeRuntime.access$100(GaugeRuntime.java:36)
com.thoughtworks.gauge.GaugeRuntime$2.run(GaugeRuntime.java:85)
java.lang.Thread.run(Thread.java:745)
10:44:26.952 Plugin [Html Report] with pid [10816] has exited
10:44:27.453 Specifications:	1 executed	0 passed	1 failed	0 skipped
10:44:27.453 Scenarios:	1 executed	0 passed	1 failed	0 skipped
10:44:27.453 
Total time taken: 5.844s
10:44:27.453 Updates are available. Run gauge --check-updates for more info.
10:46:37.583 Got a kill message. Killing runner.
10:46:41.613 Killing runner with PID:9564 forcefully
10:46:55.043 Checking updates...
10:47:03.592 # Specification Heading
10:47:03.595 
     |TestCase                                              |TestSuite      |
     |------------------------------------------------------|---------------|
     |Validate that the user picks the correct book TestCase|Books TestSuite|
10:47:03.595 ## Scenario Heading
10:47:03.597 * Execute <TestCase> <TestSuite>
10:47:07.570 
     |TestCase                                                             |TestSuite      |
     |---------------------------------------------------------------------|---------------|
     |Validate that the user doesn't get any book for invalid isbn TestCase|Books TestSuite|
10:47:07.570 ## Scenario Heading
10:47:07.571 * Execute <TestCase> <TestSuite>
10:47:08.264 
     |TestCase                                                        |TestSuite      |
     |----------------------------------------------------------------|---------------|
     |Validate that the user gets an error for the null query TestCase|Books TestSuite|
10:47:08.264 ## Scenario Heading
10:47:08.265 * Execute <TestCase> <TestSuite>
10:47:09.147 
Failed Step: Execute <TestCase> <TestSuite>
10:47:09.147 Specification: specs\TestSpec.spec:18
10:47:09.147 Error Message: java.lang.AssertionError: TestCase execution result is 'FAIL'
10:47:09.147 Stacktrace: 
org.junit.Assert.fail(Assert.java:88)
org.junit.Assert.assertTrue(Assert.java:41)
com.maxsoft.apitestautomator.ExecuteSoapUIAnyTestCase.executeSpecificTestCase(ExecuteSoapUIAnyTestCase.java:60)
Test.testm(Test.java:12)
sun.reflect.NativeMethodAccessorImpl.invoke0(Native Method)
sun.reflect.NativeMethodAccessorImpl.invoke(NativeMethodAccessorImpl.java:62)
sun.reflect.DelegatingMethodAccessorImpl.invoke(DelegatingMethodAccessorImpl.java:43)
java.lang.reflect.Method.invoke(Method.java:498)
com.thoughtworks.gauge.execution.MethodExecutor.execute(MethodExecutor.java:38)
com.thoughtworks.gauge.execution.StepExecutionStage.executeStepMethod(StepExecutionStage.java:130)
com.thoughtworks.gauge.execution.StepExecutionStage.executeStep(StepExecutionStage.java:86)
com.thoughtworks.gauge.execution.StepExecutionStage.execute(StepExecutionStage.java:67)
com.thoughtworks.gauge.execution.AbstractExecutionStage.executeNext(AbstractExecutionStage.java:24)
com.thoughtworks.gauge.execution.HookExecutionStage.execute(HookExecutionStage.java:43)
com.thoughtworks.gauge.execution.ExecutionPipeline.start(ExecutionPipeline.java:29)
com.thoughtworks.gauge.processor.ExecuteStepProcessor.process(ExecuteStepProcessor.java:39)
com.thoughtworks.gauge.connection.MessageDispatcher.dispatchMessages(MessageDispatcher.java:89)
com.thoughtworks.gauge.GaugeRuntime.dispatchMessages(GaugeRuntime.java:104)
com.thoughtworks.gauge.GaugeRuntime.access$100(GaugeRuntime.java:36)
com.thoughtworks.gauge.GaugeRuntime$2.run(GaugeRuntime.java:85)
java.lang.Thread.run(Thread.java:745)
10:47:09.254 Plugin [Html Report] with pid [12704] has exited
10:47:09.790 Specifications:	1 executed	0 passed	1 failed	0 skipped
10:47:09.790 Scenarios:	1 executed	0 passed	1 failed	0 skipped
10:47:09.790 
Total time taken: 5.676s
10:47:09.790 Updates are available. Run gauge --check-updates for more info.
19:29:13.472 Got a kill message. Killing runner.
19:29:17.764 Killing runner with PID:2364 forcefully
19:34:04.986 Checking updates...
19:34:13.986 # Specification Heading
19:34:13.989 
     |TestCase                                              |TestSuite      |
     |------------------------------------------------------|---------------|
     |Validate that the user picks the correct book TestCase|Books TestSuite|
19:34:13.989 ## Scenario Heading
19:34:13.991 * Execute <TestCase> <TestSuite>
19:34:20.676 
     |TestCase                                                             |TestSuite      |
     |---------------------------------------------------------------------|---------------|
     |Validate that the user doesn't get any book for invalid isbn TestCase|Books TestSuite|
19:34:20.676 ## Scenario Heading
19:34:20.677 * Execute <TestCase> <TestSuite>
19:34:21.557 
     |TestCase                                                        |TestSuite      |
     |----------------------------------------------------------------|---------------|
     |Validate that the user gets an error for the null query TestCase|Books TestSuite|
19:34:21.557 ## Scenario Heading
19:34:21.557 * Execute <TestCase> <TestSuite>
19:34:22.608 
Failed Step: Execute <TestCase> <TestSuite>
19:34:22.608 Specification: specs\TestSpec.spec:18
19:34:22.608 Error Message: java.lang.AssertionError: TestCase execution result is 'FAIL'
19:34:22.608 Stacktrace: 
org.junit.Assert.fail(Assert.java:88)
org.junit.Assert.assertTrue(Assert.java:41)
com.maxsoft.apitestautomator.ExecuteSoapUIAnyTestCase.executeSpecificTestCase(ExecuteSoapUIAnyTestCase.java:60)
Test.testm(Test.java:12)
sun.reflect.NativeMethodAccessorImpl.invoke0(Native Method)
sun.reflect.NativeMethodAccessorImpl.invoke(NativeMethodAccessorImpl.java:62)
sun.reflect.DelegatingMethodAccessorImpl.invoke(DelegatingMethodAccessorImpl.java:43)
java.lang.reflect.Method.invoke(Method.java:498)
com.thoughtworks.gauge.execution.MethodExecutor.execute(MethodExecutor.java:38)
com.thoughtworks.gauge.execution.StepExecutionStage.executeStepMethod(StepExecutionStage.java:130)
com.thoughtworks.gauge.execution.StepExecutionStage.executeStep(StepExecutionStage.java:86)
com.thoughtworks.gauge.execution.StepExecutionStage.execute(StepExecutionStage.java:67)
com.thoughtworks.gauge.execution.AbstractExecutionStage.executeNext(AbstractExecutionStage.java:24)
com.thoughtworks.gauge.execution.HookExecutionStage.execute(HookExecutionStage.java:43)
com.thoughtworks.gauge.execution.ExecutionPipeline.start(ExecutionPipeline.java:29)
com.thoughtworks.gauge.processor.ExecuteStepProcessor.process(ExecuteStepProcessor.java:39)
com.thoughtworks.gauge.connection.MessageDispatcher.dispatchMessages(MessageDispatcher.java:89)
com.thoughtworks.gauge.GaugeRuntime.dispatchMessages(GaugeRuntime.java:104)
com.thoughtworks.gauge.GaugeRuntime.access$100(GaugeRuntime.java:36)
com.thoughtworks.gauge.GaugeRuntime$2.run(GaugeRuntime.java:85)
java.lang.Thread.run(Thread.java:745)
19:34:22.914 Plugin [Html Report] with pid [8864] has exited
19:34:23.421 Specifications:	1 executed	0 passed	1 failed	0 skipped
19:34:23.421 Scenarios:	1 executed	0 passed	1 failed	0 skipped
19:34:23.421 
Total time taken: 9.07s
19:34:23.421 Updates are available. Run gauge --check-updates for more info.
19:37:37.606 Got a kill message. Killing runner.
19:37:41.612 Killing runner with PID:12560 forcefully
19:38:31.290 Checking updates...
19:38:40.689 # Specification Heading
19:38:40.692 
     |TestCase                                              |TestSuite      |
     |------------------------------------------------------|---------------|
     |Validate that the user picks the correct book TestCase|Books TestSuite|
19:38:40.692 ## Scenario Heading
19:38:40.694 * Execute <TestCase> <TestSuite>
19:38:44.847 
     |TestCase                                                             |TestSuite      |
     |---------------------------------------------------------------------|---------------|
     |Validate that the user doesn't get any book for invalid isbn TestCase|Books TestSuite|
19:38:44.847 ## Scenario Heading
19:38:44.849 * Execute <TestCase> <TestSuite>
19:38:45.622 
     |TestCase                                                        |TestSuite      |
     |----------------------------------------------------------------|---------------|
     |Validate that the user gets an error for the null query TestCase|Books TestSuite|
19:38:45.623 ## Scenario Heading
19:38:45.623 * Execute <TestCase> <TestSuite>
19:38:46.606 
Failed Step: Execute <TestCase> <TestSuite>
19:38:46.606 Specification: specs\TestSpec.spec:18
19:38:46.606 Error Message: java.lang.AssertionError: TestCase execution result is 'FAIL'
19:38:46.606 Stacktrace: 
org.junit.Assert.fail(Assert.java:88)
org.junit.Assert.assertTrue(Assert.java:41)
com.maxsoft.apitestautomator.ExecuteSoapUIAnyTestCase.executeSpecificTestCase(ExecuteSoapUIAnyTestCase.java:60)
Test.testm(Test.java:12)
sun.reflect.NativeMethodAccessorImpl.invoke0(Native Method)
sun.reflect.NativeMethodAccessorImpl.invoke(NativeMethodAccessorImpl.java:62)
sun.reflect.DelegatingMethodAccessorImpl.invoke(DelegatingMethodAccessorImpl.java:43)
java.lang.reflect.Method.invoke(Method.java:498)
com.thoughtworks.gauge.execution.MethodExecutor.execute(MethodExecutor.java:38)
com.thoughtworks.gauge.execution.StepExecutionStage.executeStepMethod(StepExecutionStage.java:130)
com.thoughtworks.gauge.execution.StepExecutionStage.executeStep(StepExecutionStage.java:86)
com.thoughtworks.gauge.execution.StepExecutionStage.execute(StepExecutionStage.java:67)
com.thoughtworks.gauge.execution.AbstractExecutionStage.executeNext(AbstractExecutionStage.java:24)
com.thoughtworks.gauge.execution.HookExecutionStage.execute(HookExecutionStage.java:43)
com.thoughtworks.gauge.execution.ExecutionPipeline.start(ExecutionPipeline.java:29)
com.thoughtworks.gauge.processor.ExecuteStepProcessor.process(ExecuteStepProcessor.java:39)
com.thoughtworks.gauge.connection.MessageDispatcher.dispatchMessages(MessageDispatcher.java:89)
com.thoughtworks.gauge.GaugeRuntime.dispatchMessages(GaugeRuntime.java:104)
com.thoughtworks.gauge.GaugeRuntime.access$100(GaugeRuntime.java:36)
com.thoughtworks.gauge.GaugeRuntime$2.run(GaugeRuntime.java:85)
java.lang.Thread.run(Thread.java:745)
19:38:46.713 Plugin [Html Report] with pid [12384] has exited
19:38:47.216 Specifications:	1 executed	0 passed	1 failed	0 skipped
19:38:47.216 Scenarios:	1 executed	0 passed	1 failed	0 skipped
19:38:47.216 
Total time taken: 6.28s
19:38:47.216 Updates are available. Run gauge --check-updates for more info.
19:39:09.753 Checking updates...
19:39:17.927 # Specification Heading
19:39:17.930 
     |TestCase                                              |TestSuite      |
     |------------------------------------------------------|---------------|
     |Validate that the user picks the correct book TestCase|Books TestSuite|
19:39:17.930 ## Scenario Heading
19:39:17.933 * Execute <TestCase> <TestSuite>
19:39:21.969 
     |TestCase                                                             |TestSuite      |
     |---------------------------------------------------------------------|---------------|
     |Validate that the user doesn't get any book for invalid isbn TestCase|Books TestSuite|
19:39:21.969 ## Scenario Heading
19:39:21.970 * Execute <TestCase> <TestSuite>
19:39:23.033 
     |TestCase                                                        |TestSuite      |
     |----------------------------------------------------------------|---------------|
     |Validate that the user gets an error for the null query TestCase|Books TestSuite|
19:39:23.033 ## Scenario Heading
19:39:23.034 * Execute <TestCase> <TestSuite>
19:39:23.956 
Failed Step: Execute <TestCase> <TestSuite>
19:39:23.956 Specification: specs\TestSpec.spec:18
19:39:23.956 Error Message: java.lang.AssertionError: TestCase execution result is 'FAIL'
19:39:23.956 Stacktrace: 
org.junit.Assert.fail(Assert.java:88)
org.junit.Assert.assertTrue(Assert.java:41)
com.maxsoft.apitestautomator.ExecuteSoapUIAnyTestCase.executeSpecificTestCase(ExecuteSoapUIAnyTestCase.java:60)
Test.testm(Test.java:12)
sun.reflect.NativeMethodAccessorImpl.invoke0(Native Method)
sun.reflect.NativeMethodAccessorImpl.invoke(NativeMethodAccessorImpl.java:62)
sun.reflect.DelegatingMethodAccessorImpl.invoke(DelegatingMethodAccessorImpl.java:43)
java.lang.reflect.Method.invoke(Method.java:498)
com.thoughtworks.gauge.execution.MethodExecutor.execute(MethodExecutor.java:38)
com.thoughtworks.gauge.execution.StepExecutionStage.executeStepMethod(StepExecutionStage.java:130)
com.thoughtworks.gauge.execution.StepExecutionStage.executeStep(StepExecutionStage.java:86)
com.thoughtworks.gauge.execution.StepExecutionStage.execute(StepExecutionStage.java:67)
com.thoughtworks.gauge.execution.AbstractExecutionStage.executeNext(AbstractExecutionStage.java:24)
com.thoughtworks.gauge.execution.HookExecutionStage.execute(HookExecutionStage.java:43)
com.thoughtworks.gauge.execution.ExecutionPipeline.start(ExecutionPipeline.java:29)
com.thoughtworks.gauge.processor.ExecuteStepProcessor.process(ExecuteStepProcessor.java:39)
com.thoughtworks.gauge.connection.MessageDispatcher.dispatchMessages(MessageDispatcher.java:89)
com.thoughtworks.gauge.GaugeRuntime.dispatchMessages(GaugeRuntime.java:104)
com.thoughtworks.gauge.GaugeRuntime.access$100(GaugeRuntime.java:36)
com.thoughtworks.gauge.GaugeRuntime$2.run(GaugeRuntime.java:85)
java.lang.Thread.run(Thread.java:745)
19:39:24.065 Plugin [Html Report] with pid [9320] has exited
19:39:24.567 Specifications:	1 executed	0 passed	1 failed	0 skipped
19:39:24.567 Scenarios:	1 executed	0 passed	1 failed	0 skipped
19:39:24.567 
Total time taken: 6.204s
19:39:24.567 Updates are available. Run gauge --check-updates for more info.
12:07:31.610 Got a kill message. Killing runner.
12:07:36.081 Killing runner with PID:14380 forcefully
12:11:35.068 Got a kill message. Killing runner.
12:11:39.071 Killing runner with PID:16108 forcefully
12:13:17.228 Checking updates...
12:13:28.386 # Specification Heading
12:13:28.390 
     |TestCase                                              |TestSuite      |
     |------------------------------------------------------|---------------|
     |Validate that the user picks the correct book TestCase|Books TestSuite|
12:13:28.390 ## Scenario Heading
12:13:28.394 * Execute <TestCase> <TestSuite>
12:13:44.882 
     |TestCase                                                             |TestSuite      |
     |---------------------------------------------------------------------|---------------|
     |Validate that the user doesn't get any book for invalid isbn TestCase|Books TestSuite|
12:13:44.882 ## Scenario Heading
12:13:44.883 * Execute <TestCase> <TestSuite>
12:13:46.288 
     |TestCase                                                        |TestSuite      |
     |----------------------------------------------------------------|---------------|
     |Validate that the user gets an error for the null query TestCase|Books TestSuite|
12:13:46.288 ## Scenario Heading
12:13:46.289 * Execute <TestCase> <TestSuite>
12:13:47.724 
Failed Step: Execute <TestCase> <TestSuite>
12:13:47.724 Specification: specs\TestSpec.spec:18
12:13:47.724 Error Message: java.lang.AssertionError: TestCase execution result is 'FAIL'
12:13:47.724 Stacktrace: 
org.junit.Assert.fail(Assert.java:88)
org.junit.Assert.assertTrue(Assert.java:41)
com.maxsoft.restapitestautomator.ExecuteSoapUIAnyTestCase.executeSpecificTestCase(ExecuteSoapUIAnyTestCase.java:58)
Test.testm(Test.java:12)
sun.reflect.NativeMethodAccessorImpl.invoke0(Native Method)
sun.reflect.NativeMethodAccessorImpl.invoke(NativeMethodAccessorImpl.java:62)
sun.reflect.DelegatingMethodAccessorImpl.invoke(DelegatingMethodAccessorImpl.java:43)
java.lang.reflect.Method.invoke(Method.java:498)
com.thoughtworks.gauge.execution.MethodExecutor.execute(MethodExecutor.java:38)
com.thoughtworks.gauge.execution.StepExecutionStage.executeStepMethod(StepExecutionStage.java:130)
com.thoughtworks.gauge.execution.StepExecutionStage.executeStep(StepExecutionStage.java:86)
com.thoughtworks.gauge.execution.StepExecutionStage.execute(StepExecutionStage.java:67)
com.thoughtworks.gauge.execution.AbstractExecutionStage.executeNext(AbstractExecutionStage.java:24)
com.thoughtworks.gauge.execution.HookExecutionStage.execute(HookExecutionStage.java:43)
com.thoughtworks.gauge.execution.ExecutionPipeline.start(ExecutionPipeline.java:29)
com.thoughtworks.gauge.processor.ExecuteStepProcessor.process(ExecuteStepProcessor.java:39)
com.thoughtworks.gauge.connection.MessageDispatcher.dispatchMessages(MessageDispatcher.java:89)
com.thoughtworks.gauge.GaugeRuntime.dispatchMessages(GaugeRuntime.java:104)
com.thoughtworks.gauge.GaugeRuntime.access$100(GaugeRuntime.java:36)
com.thoughtworks.gauge.GaugeRuntime$2.run(GaugeRuntime.java:85)
java.lang.Thread.run(Thread.java:745)
12:13:48.695 Plugin [Html Report] with pid [13576] has exited
12:13:49.298 Specifications:	1 executed	0 passed	1 failed	0 skipped
12:13:49.298 Scenarios:	1 executed	0 passed	1 failed	0 skipped
12:13:49.298 
Total time taken: 19.681s
12:13:49.298 Updates are available. Run gauge --check-updates for more info.
12:21:24.134 Checking updates...
12:21:34.325 # Specification Heading
12:21:34.328 
     |TestCase                                              |TestSuite      |
     |------------------------------------------------------|---------------|
     |Validate that the user picks the correct book TestCase|Books TestSuite|
12:21:34.328 ## Scenario Heading
12:21:34.331 * Execute <TestCase> <TestSuite>
12:21:39.103 
     |TestCase                                                             |TestSuite      |
     |---------------------------------------------------------------------|---------------|
     |Validate that the user doesn't get any book for invalid isbn TestCase|Books TestSuite|
12:21:39.103 ## Scenario Heading
12:21:39.107 * Execute <TestCase> <TestSuite>
12:21:40.064 
     |TestCase                                                        |TestSuite      |
     |----------------------------------------------------------------|---------------|
     |Validate that the user gets an error for the null query TestCase|Books TestSuite|
12:21:40.064 ## Scenario Heading
12:21:40.083 * Execute <TestCase> <TestSuite>
12:21:41.448 
Failed Step: Execute <TestCase> <TestSuite>
12:21:41.448 Specification: specs\TestSpec.spec:18
12:21:41.448 Error Message: java.lang.AssertionError: TestCase execution result is 'FAIL'
12:21:41.448 Stacktrace: 
org.junit.Assert.fail(Assert.java:88)
org.junit.Assert.assertTrue(Assert.java:41)
com.maxsoft.restapitestautomator.ExecuteSoapUIAnyTestCase.executeSpecificTestCase(ExecuteSoapUIAnyTestCase.java:58)
Test.testm(Test.java:12)
sun.reflect.NativeMethodAccessorImpl.invoke0(Native Method)
sun.reflect.NativeMethodAccessorImpl.invoke(NativeMethodAccessorImpl.java:62)
sun.reflect.DelegatingMethodAccessorImpl.invoke(DelegatingMethodAccessorImpl.java:43)
java.lang.reflect.Method.invoke(Method.java:498)
com.thoughtworks.gauge.execution.MethodExecutor.execute(MethodExecutor.java:38)
com.thoughtworks.gauge.execution.StepExecutionStage.executeStepMethod(StepExecutionStage.java:130)
com.thoughtworks.gauge.execution.StepExecutionStage.executeStep(StepExecutionStage.java:86)
com.thoughtworks.gauge.execution.StepExecutionStage.execute(StepExecutionStage.java:67)
com.thoughtworks.gauge.execution.AbstractExecutionStage.executeNext(AbstractExecutionStage.java:24)
com.thoughtworks.gauge.execution.HookExecutionStage.execute(HookExecutionStage.java:43)
com.thoughtworks.gauge.execution.ExecutionPipeline.start(ExecutionPipeline.java:29)
com.thoughtworks.gauge.processor.ExecuteStepProcessor.process(ExecuteStepProcessor.java:39)
com.thoughtworks.gauge.connection.MessageDispatcher.dispatchMessages(MessageDispatcher.java:89)
com.thoughtworks.gauge.GaugeRuntime.dispatchMessages(GaugeRuntime.java:104)
com.thoughtworks.gauge.GaugeRuntime.access$100(GaugeRuntime.java:36)
com.thoughtworks.gauge.GaugeRuntime$2.run(GaugeRuntime.java:85)
java.lang.Thread.run(Thread.java:745)
12:21:41.555 Plugin [Html Report] with pid [16824] has exited
12:21:42.094 Specifications:	1 executed	0 passed	1 failed	0 skipped
12:21:42.094 Scenarios:	1 executed	0 passed	1 failed	0 skipped
12:21:42.094 
Total time taken: 7.453s
12:21:42.094 Updates are available. Run gauge --check-updates for more info.
12:25:26.088 Checking updates...
12:25:35.869 # Specification Heading
12:25:35.873 
     |TestCase                                              |TestSuite      |
     |------------------------------------------------------|---------------|
     |Validate that the user picks the correct book TestCase|Books TestSuite|
12:25:35.873 ## Scenario Heading
12:25:35.875 * Execute <TestCase> <TestSuite>
12:25:40.901 
     |TestCase                                                             |TestSuite      |
     |---------------------------------------------------------------------|---------------|
     |Validate that the user doesn't get any book for invalid isbn TestCase|Books TestSuite|
12:25:40.901 ## Scenario Heading
12:25:40.902 * Execute <TestCase> <TestSuite>
12:25:41.654 
     |TestCase                                                        |TestSuite      |
     |----------------------------------------------------------------|---------------|
     |Validate that the user gets an error for the null query TestCase|Books TestSuite|
12:25:41.654 ## Scenario Heading
12:25:41.655 * Execute <TestCase> <TestSuite>
12:25:43.155 
Failed Step: Execute <TestCase> <TestSuite>
12:25:43.155 Specification: specs\TestSpec.spec:18
12:25:43.155 Error Message: java.lang.AssertionError: TestCase execution result is 'FAIL'
12:25:43.155 Stacktrace: 
org.junit.Assert.fail(Assert.java:88)
org.junit.Assert.assertTrue(Assert.java:41)
com.maxsoft.restapitestautomator.ExecuteSoapUIAnyTestCase.executeSpecificTestCase(ExecuteSoapUIAnyTestCase.java:58)
Test.testm(Test.java:12)
sun.reflect.NativeMethodAccessorImpl.invoke0(Native Method)
sun.reflect.NativeMethodAccessorImpl.invoke(NativeMethodAccessorImpl.java:62)
sun.reflect.DelegatingMethodAccessorImpl.invoke(DelegatingMethodAccessorImpl.java:43)
java.lang.reflect.Method.invoke(Method.java:498)
com.thoughtworks.gauge.execution.MethodExecutor.execute(MethodExecutor.java:38)
com.thoughtworks.gauge.execution.StepExecutionStage.executeStepMethod(StepExecutionStage.java:130)
com.thoughtworks.gauge.execution.StepExecutionStage.executeStep(StepExecutionStage.java:86)
com.thoughtworks.gauge.execution.StepExecutionStage.execute(StepExecutionStage.java:67)
com.thoughtworks.gauge.execution.AbstractExecutionStage.executeNext(AbstractExecutionStage.java:24)
com.thoughtworks.gauge.execution.HookExecutionStage.execute(HookExecutionStage.java:43)
com.thoughtworks.gauge.execution.ExecutionPipeline.start(ExecutionPipeline.java:29)
com.thoughtworks.gauge.processor.ExecuteStepProcessor.process(ExecuteStepProcessor.java:39)
com.thoughtworks.gauge.connection.MessageDispatcher.dispatchMessages(MessageDispatcher.java:89)
com.thoughtworks.gauge.GaugeRuntime.dispatchMessages(GaugeRuntime.java:104)
com.thoughtworks.gauge.GaugeRuntime.access$100(GaugeRuntime.java:36)
com.thoughtworks.gauge.GaugeRuntime$2.run(GaugeRuntime.java:85)
java.lang.Thread.run(Thread.java:745)
12:25:43.262 Plugin [Html Report] with pid [448] has exited
12:25:43.901 Specifications:	1 executed	0 passed	1 failed	0 skipped
12:25:43.901 Scenarios:	1 executed	0 passed	1 failed	0 skipped
12:25:43.901 
Total time taken: 7.5s
12:25:43.901 Updates are available. Run gauge --check-updates for more info.
21:54:29.905 Got a kill message. Killing runner.
21:54:33.921 Killing runner with PID:3108 forcefully
21:56:32.549 Checking updates...
21:56:44.275 # Specification Heading
21:56:44.279 
     |TestCase                                              |TestSuite      |
     |------------------------------------------------------|---------------|
     |Validate that the user picks the correct book TestCase|Books TestSuite|
21:56:44.279 ## Scenario Heading
21:56:44.282 * Execute <TestCase> <TestSuite>
21:57:00.583 
Failed Step: Execute <TestCase> <TestSuite>
21:57:00.583 Specification: specs\TestSpec.spec:18
21:57:00.583 Error Message: java.lang.NoClassDefFoundError: com/jgoodies/forms/layout/CellConstraints
21:57:00.583 Stacktrace: 
com.eviware.soapui.impl.wsdl.teststeps.assertions.basic.SimpleContainsAssertion.<clinit>(SimpleContainsAssertion.java:75)
sun.reflect.NativeConstructorAccessorImpl.newInstance0(Native Method)
sun.reflect.NativeConstructorAccessorImpl.newInstance(NativeConstructorAccessorImpl.java:62)
sun.reflect.DelegatingConstructorAccessorImpl.newInstance(DelegatingConstructorAccessorImpl.java:45)
java.lang.reflect.Constructor.newInstance(Constructor.java:423)
com.eviware.soapui.impl.wsdl.teststeps.assertions.AbstractTestAssertionFactory.buildAssertion(AbstractTestAssertionFactory.java:106)
com.eviware.soapui.impl.wsdl.teststeps.assertions.TestAssertionRegistry.buildAssertion(TestAssertionRegistry.java:127)
com.eviware.soapui.impl.wsdl.support.assertions.AssertionsSupport.addWsdlAssertion(AssertionsSupport.java:62)
com.eviware.soapui.impl.wsdl.support.assertions.AssertionsSupport.<init>(AssertionsSupport.java:56)
com.eviware.soapui.impl.wsdl.teststeps.RestTestRequest.initAssertions(RestTestRequest.java:96)
com.eviware.soapui.impl.wsdl.teststeps.RestTestRequest.<init>(RestTestRequest.java:69)
com.eviware.soapui.impl.wsdl.teststeps.RestTestRequestStep.buildTestRequest(RestTestRequestStep.java:277)
com.eviware.soapui.impl.wsdl.teststeps.RestTestRequestStep.<init>(RestTestRequestStep.java:110)
com.eviware.soapui.impl.wsdl.teststeps.registry.RestRequestStepFactory.buildTestStep(RestRequestStepFactory.java:66)
com.eviware.soapui.impl.wsdl.testcase.WsdlTestCase.createTestStepFromConfig(WsdlTestCase.java:295)
com.eviware.soapui.impl.wsdl.testcase.WsdlTestCase.<init>(WsdlTestCase.java:120)
com.eviware.soapui.impl.wsdl.WsdlTestSuite.buildTestCase(WsdlTestSuite.java:107)
com.eviware.soapui.impl.wsdl.WsdlTestSuite.<init>(WsdlTestSuite.java:89)
com.eviware.soapui.impl.wsdl.WsdlProject.buildTestSuite(WsdlProject.java:438)
com.eviware.soapui.impl.wsdl.WsdlProject.loadProjectFromInputStream(WsdlProject.java:379)
com.eviware.soapui.impl.wsdl.WsdlProject.loadProject(WsdlProject.java:301)
com.eviware.soapui.impl.wsdl.WsdlProject.<init>(WsdlProject.java:220)
com.eviware.soapui.impl.wsdl.WsdlProjectFactory.createNew(WsdlProjectFactory.java:41)
com.eviware.soapui.impl.wsdl.WsdlProjectFactory.createNew(WsdlProjectFactory.java:28)
com.eviware.soapui.tools.SoapUITestCaseRunner.runRunner(SoapUITestCaseRunner.java:341)
com.eviware.soapui.tools.AbstractSoapUIRunner.run(AbstractSoapUIRunner.java:204)
com.maxsoft.restapitestautomator.ExecuteSoapUIAnyTestCase.executeSpecificTestCase(ExecuteSoapUIAnyTestCase.java:29)
Test.testm(Test.java:14)
sun.reflect.NativeMethodAccessorImpl.invoke0(Native Method)
sun.reflect.NativeMethodAccessorImpl.invoke(NativeMethodAccessorImpl.java:62)
sun.reflect.DelegatingMethodAccessorImpl.invoke(DelegatingMethodAccessorImpl.java:43)
java.lang.reflect.Method.invoke(Method.java:498)
com.thoughtworks.gauge.execution.MethodExecutor.execute(MethodExecutor.java:38)
com.thoughtworks.gauge.execution.StepExecutionStage.executeStepMethod(StepExecutionStage.java:130)
com.thoughtworks.gauge.execution.StepExecutionStage.executeStep(StepExecutionStage.java:86)
com.thoughtworks.gauge.execution.StepExecutionStage.execute(StepExecutionStage.java:67)
com.thoughtworks.gauge.execution.AbstractExecutionStage.executeNext(AbstractExecutionStage.java:24)
com.thoughtworks.gauge.execution.HookExecutionStage.execute(HookExecutionStage.java:43)
com.thoughtworks.gauge.execution.ExecutionPipeline.start(ExecutionPipeline.java:29)
com.thoughtworks.gauge.processor.ExecuteStepProcessor.process(ExecuteStepProcessor.java:39)
com.thoughtworks.gauge.connection.MessageDispatcher.dispatchMessages(MessageDispatcher.java:89)
com.thoughtworks.gauge.GaugeRuntime.dispatchMessages(GaugeRuntime.java:104)
com.thoughtworks.gauge.GaugeRuntime.access$100(GaugeRuntime.java:36)
com.thoughtworks.gauge.GaugeRuntime$2.run(GaugeRuntime.java:85)
java.lang.Thread.run(Thread.java:745)
21:57:00.587 
     |TestCase                                                             |TestSuite      |
     |---------------------------------------------------------------------|---------------|
     |Validate that the user doesn't get any book for invalid isbn TestCase|Books TestSuite|
21:57:00.587 ## Scenario Heading
21:57:00.589 * Execute <TestCase> <TestSuite>
21:57:01.007 
Failed Step: Execute <TestCase> <TestSuite>
21:57:01.007 Specification: specs\TestSpec.spec:18
21:57:01.007 Error Message: java.lang.NoClassDefFoundError: Could not initialize class com.eviware.soapui.impl.wsdl.teststeps.assertions.basic.SimpleContainsAssertion
21:57:01.007 Stacktrace: 
sun.reflect.NativeConstructorAccessorImpl.newInstance0(Native Method)
sun.reflect.NativeConstructorAccessorImpl.newInstance(NativeConstructorAccessorImpl.java:62)
sun.reflect.DelegatingConstructorAccessorImpl.newInstance(DelegatingConstructorAccessorImpl.java:45)
java.lang.reflect.Constructor.newInstance(Constructor.java:423)
com.eviware.soapui.impl.wsdl.teststeps.assertions.AbstractTestAssertionFactory.buildAssertion(AbstractTestAssertionFactory.java:106)
com.eviware.soapui.impl.wsdl.teststeps.assertions.TestAssertionRegistry.buildAssertion(TestAssertionRegistry.java:127)
com.eviware.soapui.impl.wsdl.support.assertions.AssertionsSupport.addWsdlAssertion(AssertionsSupport.java:62)
com.eviware.soapui.impl.wsdl.support.assertions.AssertionsSupport.<init>(AssertionsSupport.java:56)
com.eviware.soapui.impl.wsdl.teststeps.RestTestRequest.initAssertions(RestTestRequest.java:96)
com.eviware.soapui.impl.wsdl.teststeps.RestTestRequest.<init>(RestTestRequest.java:69)
com.eviware.soapui.impl.wsdl.teststeps.RestTestRequestStep.buildTestRequest(RestTestRequestStep.java:277)
com.eviware.soapui.impl.wsdl.teststeps.RestTestRequestStep.<init>(RestTestRequestStep.java:110)
com.eviware.soapui.impl.wsdl.teststeps.registry.RestRequestStepFactory.buildTestStep(RestRequestStepFactory.java:66)
com.eviware.soapui.impl.wsdl.testcase.WsdlTestCase.createTestStepFromConfig(WsdlTestCase.java:295)
com.eviware.soapui.impl.wsdl.testcase.WsdlTestCase.<init>(WsdlTestCase.java:120)
com.eviware.soapui.impl.wsdl.WsdlTestSuite.buildTestCase(WsdlTestSuite.java:107)
com.eviware.soapui.impl.wsdl.WsdlTestSuite.<init>(WsdlTestSuite.java:89)
com.eviware.soapui.impl.wsdl.WsdlProject.buildTestSuite(WsdlProject.java:438)
com.eviware.soapui.impl.wsdl.WsdlProject.loadProjectFromInputStream(WsdlProject.java:379)
com.eviware.soapui.impl.wsdl.WsdlProject.loadProject(WsdlProject.java:301)
com.eviware.soapui.impl.wsdl.WsdlProject.<init>(WsdlProject.java:220)
com.eviware.soapui.impl.wsdl.WsdlProjectFactory.createNew(WsdlProjectFactory.java:41)
com.eviware.soapui.impl.wsdl.WsdlProjectFactory.createNew(WsdlProjectFactory.java:28)
com.eviware.soapui.tools.SoapUITestCaseRunner.runRunner(SoapUITestCaseRunner.java:341)
com.eviware.soapui.tools.AbstractSoapUIRunner.run(AbstractSoapUIRunner.java:204)
com.maxsoft.restapitestautomator.ExecuteSoapUIAnyTestCase.executeSpecificTestCase(ExecuteSoapUIAnyTestCase.java:29)
Test.testm(Test.java:14)
sun.reflect.NativeMethodAccessorImpl.invoke0(Native Method)
sun.reflect.NativeMethodAccessorImpl.invoke(NativeMethodAccessorImpl.java:62)
sun.reflect.DelegatingMethodAccessorImpl.invoke(DelegatingMethodAccessorImpl.java:43)
java.lang.reflect.Method.invoke(Method.java:498)
com.thoughtworks.gauge.execution.MethodExecutor.execute(MethodExecutor.java:38)
com.thoughtworks.gauge.execution.StepExecutionStage.executeStepMethod(StepExecutionStage.java:130)
com.thoughtworks.gauge.execution.StepExecutionStage.executeStep(StepExecutionStage.java:86)
com.thoughtworks.gauge.execution.StepExecutionStage.execute(StepExecutionStage.java:67)
com.thoughtworks.gauge.execution.AbstractExecutionStage.executeNext(AbstractExecutionStage.java:24)
com.thoughtworks.gauge.execution.HookExecutionStage.execute(HookExecutionStage.java:43)
com.thoughtworks.gauge.execution.ExecutionPipeline.start(ExecutionPipeline.java:29)
com.thoughtworks.gauge.processor.ExecuteStepProcessor.process(ExecuteStepProcessor.java:39)
com.thoughtworks.gauge.connection.MessageDispatcher.dispatchMessages(MessageDispatcher.java:89)
com.thoughtworks.gauge.GaugeRuntime.dispatchMessages(GaugeRuntime.java:104)
com.thoughtworks.gauge.GaugeRuntime.access$100(GaugeRuntime.java:36)
com.thoughtworks.gauge.GaugeRuntime$2.run(GaugeRuntime.java:85)
java.lang.Thread.run(Thread.java:745)
21:57:01.012 
     |TestCase                                                        |TestSuite      |
     |----------------------------------------------------------------|---------------|
     |Validate that the user gets an error for the null query TestCase|Books TestSuite|
21:57:01.012 ## Scenario Heading
21:57:01.013 * Execute <TestCase> <TestSuite>
21:57:01.266 
Failed Step: Execute <TestCase> <TestSuite>
21:57:01.266 Specification: specs\TestSpec.spec:18
21:57:01.266 Error Message: java.lang.NoClassDefFoundError: Could not initialize class com.eviware.soapui.impl.wsdl.teststeps.assertions.basic.SimpleContainsAssertion
21:57:01.266 Stacktrace: 
sun.reflect.NativeConstructorAccessorImpl.newInstance0(Native Method)
sun.reflect.NativeConstructorAccessorImpl.newInstance(NativeConstructorAccessorImpl.java:62)
sun.reflect.DelegatingConstructorAccessorImpl.newInstance(DelegatingConstructorAccessorImpl.java:45)
java.lang.reflect.Constructor.newInstance(Constructor.java:423)
com.eviware.soapui.impl.wsdl.teststeps.assertions.AbstractTestAssertionFactory.buildAssertion(AbstractTestAssertionFactory.java:106)
com.eviware.soapui.impl.wsdl.teststeps.assertions.TestAssertionRegistry.buildAssertion(TestAssertionRegistry.java:127)
com.eviware.soapui.impl.wsdl.support.assertions.AssertionsSupport.addWsdlAssertion(AssertionsSupport.java:62)
com.eviware.soapui.impl.wsdl.support.assertions.AssertionsSupport.<init>(AssertionsSupport.java:56)
com.eviware.soapui.impl.wsdl.teststeps.RestTestRequest.initAssertions(RestTestRequest.java:96)
com.eviware.soapui.impl.wsdl.teststeps.RestTestRequest.<init>(RestTestRequest.java:69)
com.eviware.soapui.impl.wsdl.teststeps.RestTestRequestStep.buildTestRequest(RestTestRequestStep.java:277)
com.eviware.soapui.impl.wsdl.teststeps.RestTestRequestStep.<init>(RestTestRequestStep.java:110)
com.eviware.soapui.impl.wsdl.teststeps.registry.RestRequestStepFactory.buildTestStep(RestRequestStepFactory.java:66)
com.eviware.soapui.impl.wsdl.testcase.WsdlTestCase.createTestStepFromConfig(WsdlTestCase.java:295)
com.eviware.soapui.impl.wsdl.testcase.WsdlTestCase.<init>(WsdlTestCase.java:120)
com.eviware.soapui.impl.wsdl.WsdlTestSuite.buildTestCase(WsdlTestSuite.java:107)
com.eviware.soapui.impl.wsdl.WsdlTestSuite.<init>(WsdlTestSuite.java:89)
com.eviware.soapui.impl.wsdl.WsdlProject.buildTestSuite(WsdlProject.java:438)
com.eviware.soapui.impl.wsdl.WsdlProject.loadProjectFromInputStream(WsdlProject.java:379)
com.eviware.soapui.impl.wsdl.WsdlProject.loadProject(WsdlProject.java:301)
com.eviware.soapui.impl.wsdl.WsdlProject.<init>(WsdlProject.java:220)
com.eviware.soapui.impl.wsdl.WsdlProjectFactory.createNew(WsdlProjectFactory.java:41)
com.eviware.soapui.impl.wsdl.WsdlProjectFactory.createNew(WsdlProjectFactory.java:28)
com.eviware.soapui.tools.SoapUITestCaseRunner.runRunner(SoapUITestCaseRunner.java:341)
com.eviware.soapui.tools.AbstractSoapUIRunner.run(AbstractSoapUIRunner.java:204)
com.maxsoft.restapitestautomator.ExecuteSoapUIAnyTestCase.executeSpecificTestCase(ExecuteSoapUIAnyTestCase.java:29)
Test.testm(Test.java:14)
sun.reflect.NativeMethodAccessorImpl.invoke0(Native Method)
sun.reflect.NativeMethodAccessorImpl.invoke(NativeMethodAccessorImpl.java:62)
sun.reflect.DelegatingMethodAccessorImpl.invoke(DelegatingMethodAccessorImpl.java:43)
java.lang.reflect.Method.invoke(Method.java:498)
com.thoughtworks.gauge.execution.MethodExecutor.execute(MethodExecutor.java:38)
com.thoughtworks.gauge.execution.StepExecutionStage.executeStepMethod(StepExecutionStage.java:130)
com.thoughtworks.gauge.execution.StepExecutionStage.executeStep(StepExecutionStage.java:86)
com.thoughtworks.gauge.execution.StepExecutionStage.execute(StepExecutionStage.java:67)
com.thoughtworks.gauge.execution.AbstractExecutionStage.executeNext(AbstractExecutionStage.java:24)
com.thoughtworks.gauge.execution.HookExecutionStage.execute(HookExecutionStage.java:43)
com.thoughtworks.gauge.execution.ExecutionPipeline.start(ExecutionPipeline.java:29)
com.thoughtworks.gauge.processor.ExecuteStepProcessor.process(ExecuteStepProcessor.java:39)
com.thoughtworks.gauge.connection.MessageDispatcher.dispatchMessages(MessageDispatcher.java:89)
com.thoughtworks.gauge.GaugeRuntime.dispatchMessages(GaugeRuntime.java:104)
com.thoughtworks.gauge.GaugeRuntime.access$100(GaugeRuntime.java:36)
com.thoughtworks.gauge.GaugeRuntime$2.run(GaugeRuntime.java:85)
java.lang.Thread.run(Thread.java:745)
21:57:02.788 Plugin [Html Report] with pid [11156] has exited
21:57:03.089 Specifications:	1 executed	0 passed	1 failed	0 skipped
21:57:03.089 Scenarios:	1 executed	0 passed	1 failed	0 skipped
21:57:03.089 
Total time taken: 17.069s
21:57:03.089 Updates are available. Run gauge --check-updates for more info.
14:37:15.714 Got a kill message. Killing runner.
14:37:19.866 Killing runner with PID:9584 forcefully
14:38:14.361 Checking updates...
14:38:14.364 Failed to download csharp-install.json file: Get https://downloads.getgauge.io/plugin/csharp?l=java&p=csharp,html-report,java,ruby,xml-report&o=windows&a=amd64: dial tcp: lookup downloads.getgauge.io: getaddrinfow: No such host is known.
14:38:14.368 Failed to download html-report-install.json file: Get https://downloads.getgauge.io/plugin/html-report?l=java&p=csharp,html-report,java,ruby,xml-report&o=windows&a=amd64: dial tcp: lookup downloads.getgauge.io: getaddrinfow: No such host is known.
14:38:14.374 Failed to download java-install.json file: Get https://downloads.getgauge.io/plugin/java?l=java&p=csharp,html-report,java,ruby,xml-report&o=windows&a=amd64: dial tcp: lookup downloads.getgauge.io: getaddrinfow: No such host is known.
14:38:14.386 Failed to download ruby-install.json file: Get https://downloads.getgauge.io/plugin/ruby?l=java&p=csharp,html-report,java,ruby,xml-report&o=windows&a=amd64: dial tcp: lookup downloads.getgauge.io: getaddrinfow: No such host is known.
14:38:14.428 Failed to download xml-report-install.json file: Get https://downloads.getgauge.io/plugin/xml-report?l=java&p=csharp,html-report,java,ruby,xml-report&o=windows&a=amd64: dial tcp: lookup downloads.getgauge.io: getaddrinfow: No such host is known.
14:38:26.749 # Specification Heading
14:38:26.759 
     |TestCase                                              |TestSuite      |
     |------------------------------------------------------|---------------|
     |Validate that the user picks the correct book TestCase|Books TestSuite|
14:38:26.759 ## Scenario Heading
14:38:26.762 * Execute <TestCase> <TestSuite>
14:38:35.960 
     |TestCase                                                             |TestSuite      |
     |---------------------------------------------------------------------|---------------|
     |Validate that the user doesn't get any book for invalid isbn TestCase|Books TestSuite|
14:38:35.961 ## Scenario Heading
14:38:35.962 * Execute <TestCase> <TestSuite>
14:38:36.078 
     |TestCase                                                        |TestSuite      |
     |----------------------------------------------------------------|---------------|
     |Validate that the user gets an error for the null query TestCase|Books TestSuite|
14:38:36.078 ## Scenario Heading
14:38:36.080 * Execute <TestCase> <TestSuite>
14:38:37.117 Plugin [Html Report] with pid [8288] has exited
14:38:37.670 Specifications:	1 executed	1 passed	0 failed	0 skipped
14:38:37.670 Scenarios:	1 executed	1 passed	0 failed	0 skipped
14:38:37.698 
Total time taken: 9.821s
14:38:46.403 Checking updates...
14:38:57.922 # Specification Heading
14:38:57.927 
     |TestCase                                              |TestSuite      |
     |------------------------------------------------------|---------------|
     |Validate that the user picks the correct book TestCase|Books TestSuite|
14:38:57.927 ## Scenario Heading
14:38:57.930 * Execute <TestCase> <TestSuite>
14:39:05.235 
     |TestCase                                                             |TestSuite      |
     |---------------------------------------------------------------------|---------------|
     |Validate that the user doesn't get any book for invalid isbn TestCase|Books TestSuite|
14:39:05.235 ## Scenario Heading
14:39:05.235 * Execute <TestCase> <TestSuite>
14:39:06.447 
     |TestCase                                                        |TestSuite      |
     |----------------------------------------------------------------|---------------|
     |Validate that the user gets an error for the null query TestCase|Books TestSuite|
14:39:06.448 ## Scenario Heading
14:39:06.452 * Execute <TestCase> <TestSuite>
14:39:07.192 Plugin [Html Report] with pid [10772] has exited
14:39:07.492 Specifications:	1 executed	1 passed	0 failed	0 skipped
14:39:07.492 Scenarios:	1 executed	1 passed	0 failed	0 skipped
14:39:07.492 
Total time taken: 9.236s
14:39:07.492 Updates are available. Run gauge --check-updates for more info.
14:40:16.468 Checking updates...
14:40:28.258 # Specification Heading
14:40:28.262 
     |TestCase                                              |TestSuite      |
     |------------------------------------------------------|---------------|
     |Validate that the user picks the correct book TestCase|Books TestSuite|
14:40:28.263 ## Scenario Heading
14:40:28.266 * Execute <TestCase> <TestSuite>
14:40:35.730 
     |TestCase                                                             |TestSuite      |
     |---------------------------------------------------------------------|---------------|
     |Validate that the user doesn't get any book for invalid isbn TestCase|Books TestSuite|
14:40:35.730 ## Scenario Heading
14:40:35.731 * Execute <TestCase> <TestSuite>
14:40:36.828 
     |TestCase                                                        |TestSuite      |
     |----------------------------------------------------------------|---------------|
     |Validate that the user gets an error for the null query TestCase|Books TestSuite|
14:40:36.828 ## Scenario Heading
14:40:36.831 * Execute <TestCase> <TestSuite>
14:40:37.571 Plugin [Html Report] with pid [6520] has exited
14:40:37.871 Specifications:	1 executed	1 passed	0 failed	0 skipped
14:40:37.871 Scenarios:	1 executed	1 passed	0 failed	0 skipped
14:40:37.871 
Total time taken: 9.265s
14:40:37.871 Updates are available. Run gauge --check-updates for more info.
14:59:05.094 Checking updates...
14:59:16.035 # Specification Heading
14:59:16.041 
     |TestCase                                              |TestSuite      |
     |------------------------------------------------------|---------------|
     |Validate that the user picks the correct book TestCase|Books TestSuite|
14:59:16.042 ## Scenario Heading
14:59:16.047 * Execute <TestCase> <TestSuite>
14:59:23.565 
     |TestCase                                                             |TestSuite      |
     |---------------------------------------------------------------------|---------------|
     |Validate that the user doesn't get any book for invalid isbn TestCase|Books TestSuite|
14:59:23.565 ## Scenario Heading
14:59:23.567 * Execute <TestCase> <TestSuite>
14:59:24.472 
     |TestCase                                                        |TestSuite      |
     |----------------------------------------------------------------|---------------|
     |Validate that the user gets an error for the null query TestCase|Books TestSuite|
14:59:24.472 ## Scenario Heading
14:59:24.473 * Execute <TestCase> <TestSuite>
14:59:25.734 
Failed Step: Execute <TestCase> <TestSuite>
14:59:25.734 Specification: specs\TestSpec.spec:18
14:59:25.734 Error Message: java.lang.AssertionError: TestCase execution result is 'FAIL'
14:59:25.734 Stacktrace: 
org.junit.Assert.fail(Assert.java:88)
org.junit.Assert.assertTrue(Assert.java:41)
com.maxsoft.restapitestautomator.ExecuteSoapUIAnyTestCase.executeSpecificTestCase(ExecuteSoapUIAnyTestCase.java:39)
Test.testm(Test.java:14)
sun.reflect.NativeMethodAccessorImpl.invoke0(Native Method)
sun.reflect.NativeMethodAccessorImpl.invoke(NativeMethodAccessorImpl.java:62)
sun.reflect.DelegatingMethodAccessorImpl.invoke(DelegatingMethodAccessorImpl.java:43)
java.lang.reflect.Method.invoke(Method.java:498)
com.thoughtworks.gauge.execution.MethodExecutor.execute(MethodExecutor.java:38)
com.thoughtworks.gauge.execution.StepExecutionStage.executeStepMethod(StepExecutionStage.java:130)
com.thoughtworks.gauge.execution.StepExecutionStage.executeStep(StepExecutionStage.java:86)
com.thoughtworks.gauge.execution.StepExecutionStage.execute(StepExecutionStage.java:67)
com.thoughtworks.gauge.execution.AbstractExecutionStage.executeNext(AbstractExecutionStage.java:24)
com.thoughtworks.gauge.execution.HookExecutionStage.execute(HookExecutionStage.java:43)
com.thoughtworks.gauge.execution.ExecutionPipeline.start(ExecutionPipeline.java:29)
com.thoughtworks.gauge.processor.ExecuteStepProcessor.process(ExecuteStepProcessor.java:39)
com.thoughtworks.gauge.connection.MessageDispatcher.dispatchMessages(MessageDispatcher.java:89)
com.thoughtworks.gauge.GaugeRuntime.dispatchMessages(GaugeRuntime.java:104)
com.thoughtworks.gauge.GaugeRuntime.access$100(GaugeRuntime.java:36)
com.thoughtworks.gauge.GaugeRuntime$2.run(GaugeRuntime.java:85)
java.lang.Thread.run(Thread.java:745)
14:59:25.841 Plugin [Html Report] with pid [1948] has exited
14:59:26.155 Specifications:	1 executed	0 passed	1 failed	0 skipped
14:59:26.155 Scenarios:	1 executed	0 passed	1 failed	0 skipped
14:59:26.155 
Total time taken: 9.893s
14:59:26.155 Updates are available. Run gauge --check-updates for more info.
15:02:05.091 Checking updates...
15:02:15.733 # Specification Heading
15:02:15.736 
     |TestCase                                              |TestSuite      |
     |------------------------------------------------------|---------------|
     |Validate that the user picks the correct book TestCase|Books TestSuite|
15:02:15.736 ## Scenario Heading
15:02:15.740 * Execute <TestCase> <TestSuite>
15:02:23.196 
     |TestCase                                                             |TestSuite      |
     |---------------------------------------------------------------------|---------------|
     |Validate that the user doesn't get any book for invalid isbn TestCase|Books TestSuite|
15:02:23.196 ## Scenario Heading
15:02:23.197 * Execute <TestCase> <TestSuite>
15:02:23.991 
     |TestCase                                                        |TestSuite      |
     |----------------------------------------------------------------|---------------|
     |Validate that the user gets an error for the null query TestCase|Books TestSuite|
15:02:23.992 ## Scenario Heading
15:02:23.994 * Execute <TestCase> <TestSuite>
15:02:25.018 
Failed Step: Execute <TestCase> <TestSuite>
15:02:25.018 Specification: specs\TestSpec.spec:18
15:02:25.018 Error Message: java.lang.AssertionError: TestCase execution result is 'FAIL'
15:02:25.018 Stacktrace: 
org.junit.Assert.fail(Assert.java:88)
org.junit.Assert.assertTrue(Assert.java:41)
com.maxsoft.restapitestautomator.ExecuteSoapUIAnyTestCase.executeSpecificTestCase(ExecuteSoapUIAnyTestCase.java:39)
Test.testm(Test.java:14)
sun.reflect.NativeMethodAccessorImpl.invoke0(Native Method)
sun.reflect.NativeMethodAccessorImpl.invoke(NativeMethodAccessorImpl.java:62)
sun.reflect.DelegatingMethodAccessorImpl.invoke(DelegatingMethodAccessorImpl.java:43)
java.lang.reflect.Method.invoke(Method.java:498)
com.thoughtworks.gauge.execution.MethodExecutor.execute(MethodExecutor.java:38)
com.thoughtworks.gauge.execution.StepExecutionStage.executeStepMethod(StepExecutionStage.java:130)
com.thoughtworks.gauge.execution.StepExecutionStage.executeStep(StepExecutionStage.java:86)
com.thoughtworks.gauge.execution.StepExecutionStage.execute(StepExecutionStage.java:67)
com.thoughtworks.gauge.execution.AbstractExecutionStage.executeNext(AbstractExecutionStage.java:24)
com.thoughtworks.gauge.execution.HookExecutionStage.execute(HookExecutionStage.java:43)
com.thoughtworks.gauge.execution.ExecutionPipeline.start(ExecutionPipeline.java:29)
com.thoughtworks.gauge.processor.ExecuteStepProcessor.process(ExecuteStepProcessor.java:39)
com.thoughtworks.gauge.connection.MessageDispatcher.dispatchMessages(MessageDispatcher.java:89)
com.thoughtworks.gauge.GaugeRuntime.dispatchMessages(GaugeRuntime.java:104)
com.thoughtworks.gauge.GaugeRuntime.access$100(GaugeRuntime.java:36)
com.thoughtworks.gauge.GaugeRuntime$2.run(GaugeRuntime.java:85)
java.lang.Thread.run(Thread.java:745)
15:02:25.159 Plugin [Html Report] with pid [7484] has exited
15:02:25.467 Specifications:	1 executed	0 passed	1 failed	0 skipped
15:02:25.467 Scenarios:	1 executed	0 passed	1 failed	0 skipped
15:02:25.467 
Total time taken: 9.34s
15:02:25.467 Updates are available. Run gauge --check-updates for more info.
